mode: set
github.com/lbozza/vwap/usecase/vwap/utils.go:5.47,9.16 3 1
github.com/lbozza/vwap/usecase/vwap/utils.go:12.2,12.19 1 1
github.com/lbozza/vwap/usecase/vwap/utils.go:9.16,11.3 1 0
github.com/lbozza/vwap/usecase/vwap/vwap.go:23.41,32.2 1 1
github.com/lbozza/vwap/usecase/vwap/vwap.go:34.55,37.43 2 1
github.com/lbozza/vwap/usecase/vwap/vwap.go:41.2,44.47 3 1
github.com/lbozza/vwap/usecase/vwap/vwap.go:59.2,64.32 4 1
github.com/lbozza/vwap/usecase/vwap/vwap.go:37.43,39.3 1 0
github.com/lbozza/vwap/usecase/vwap/vwap.go:44.47,54.3 6 1
github.com/lbozza/vwap/usecase/vwap/vwap.go:54.8,57.3 2 0
github.com/lbozza/vwap/usecase/vwap/vwap.go:68.101,70.29 1 0
github.com/lbozza/vwap/usecase/vwap/vwap.go:74.2,76.20 2 0
github.com/lbozza/vwap/usecase/vwap/vwap.go:80.2,83.34 3 0
github.com/lbozza/vwap/usecase/vwap/vwap.go:70.29,72.3 1 0
github.com/lbozza/vwap/usecase/vwap/vwap.go:76.20,78.3 1 0
